platforms/android/build/outputs/logs/manifest-merger-release-report.txt
-- Merging decision tree log ---
manifest
ADDED from platforms/android/AndroidManifest.xml:2:1-17:12
	android:hardwareAccelerated
		ADDED from platforms/android/AndroidManifest.xml:2:11-45
	xmlns:android
		ADDED from platforms/android/AndroidManifest.xml:2:147-205
	package
		ADDED from platforms/android/AndroidManifest.xml:2:98-146
		INJECTED from platforms/android/AndroidManifest.xml
		INJECTED from platforms/android/AndroidManifest.xml
	android:versionName
		ADDED from platforms/android/AndroidManifest.xml:2:70-97
		INJECTED from platforms/android/AndroidManifest.xml
		INJECTED from platforms/android/AndroidManifest.xml
	android:versionCode
		ADDED from platforms/android/AndroidManifest.xml:2:46-69
		INJECTED from platforms/android/AndroidManifest.xml
		INJECTED from platforms/android/AndroidManifest.xml
supports-screens
ADDED from platforms/android/AndroidManifest.xml:3:5-191
	android:resizeable
		ADDED from platforms/android/AndroidManifest.xml:3:106-131
	android:largeScreens
		ADDED from platforms/android/AndroidManifest.xml:3:49-76
	android:anyDensity
		ADDED from platforms/android/AndroidManifest.xml:3:23-48
	android:normalScreens
		ADDED from platforms/android/AndroidManifest.xml:3:77-105
	android:xlargeScreens
		ADDED from platforms/android/AndroidManifest.xml:3:160-188
	android:smallScreens
		ADDED from platforms/android/AndroidManifest.xml:3:132-159
uses-permission#android.permission.INTERNET
ADDED from platforms/android/AndroidManifest.xml:4:5-67
	android:name
		ADDED from platforms/android/AndroidManifest.xml:4:22-64
application
ADDED from platforms/android/AndroidManifest.xml:5:5-14:19
	android:supportsRtl
		ADDED from platforms/android/AndroidManifest.xml:5:116-142
	android:label
		ADDED from platforms/android/AndroidManifest.xml:5:83-115
	android:icon
		ADDED from platforms/android/AndroidManifest.xml:5:53-82
	android:hardwareAccelerated
		ADDED from platforms/android/AndroidManifest.xml:5:18-52
activity#com.ionicframework.heliointernal994382.MainActivity
ADDED from platforms/android/AndroidManifest.xml:6:9-11:20
	android:windowSoftInputMode
		ADDED from platforms/android/AndroidManifest.xml:6:257-299
	android:label
		ADDED from platforms/android/AndroidManifest.xml:6:97-134
	android:configChanges
		ADDED from platforms/android/AndroidManifest.xml:6:19-96
	android:theme
		ADDED from platforms/android/AndroidManifest.xml:6:194-256
	android:name
		ADDED from platforms/android/AndroidManifest.xml:6:166-193
	android:launchMode
		ADDED from platforms/android/AndroidManifest.xml:6:135-165
intent-filter#android.intent.action.MAIN+android.intent.category.LAUNCHER
ADDED from platforms/android/AndroidManifest.xml:7:13-10:29
	android:label
		ADDED from platforms/android/AndroidManifest.xml:7:28-65
action#android.intent.action.MAIN
ADDED from platforms/android/AndroidManifest.xml:8:17-69
	android:name
		ADDED from platforms/android/AndroidManifest.xml:8:25-66
category#android.intent.category.LAUNCHER
ADDED from platforms/android/AndroidManifest.xml:9:17-77
	android:name
		ADDED from platforms/android/AndroidManifest.xml:9:27-74
activity#de.appplant.cordova.plugin.printer.ui.SelectPrinterActivity
ADDED from platforms/android/AndroidManifest.xml:12:9-200
	android:label
		ADDED from platforms/android/AndroidManifest.xml:12:44-67
	android:theme
		ADDED from platforms/android/AndroidManifest.xml:12:143-197
	android:exported
		ADDED from platforms/android/AndroidManifest.xml:12:19-43
	android:name
		ADDED from platforms/android/AndroidManifest.xml:12:68-142
activity#com.synconset.MultiImageChooserActivity
ADDED from platforms/android/AndroidManifest.xml:13:9-163
	android:label
		ADDED from platforms/android/AndroidManifest.xml:13:19-57
	android:theme
		ADDED from platforms/android/AndroidManifest.xml:13:113-160
	android:name
		ADDED from platforms/android/AndroidManifest.xml:13:58-112
uses-sdk
ADDED from platforms/android/AndroidManifest.xml:15:5-74
MERGED from [android:CordovaLib:unspecified:release] AndroidManifest.xml:25:5-44
	android:targetSdkVersion
		ADDED from platforms/android/AndroidManifest.xml:15:42-71
	android:minSdkVersion
		ADDED from platforms/android/AndroidManifest.xml:15:15-41
uses-permission#android.permission.WRITE_EXTERNAL_STORAGE
ADDED from platforms/android/AndroidManifest.xml:16:5-81
	android:name
		ADDED from platforms/android/AndroidManifest.xml:16:22-78